<?xml version="1.0" encoding="UTF-8"?>
<!-- Generated by org.testng.reporters.JUnitReportReporter -->
<testsuite hostname="MSI" failures="0" tests="1" name="com.automation.test.CartPageTest" time="7.090" errors="0" timestamp="2023-02-04T19:46:01 IST" skipped="0">
  <testcase classname="com.automation.test.CartPageTest" name="verifyUserCanAddItemIntoCart" time="7.090"/>
  <system-out/>
</testsuite> <!-- com.automation.test.CartPageTest -->
