<?xml version="1.0" encoding="UTF-8"?>
<!-- Generated by org.testng.reporters.JUnitReportReporter -->
<testsuite hostname="MSI" failures="0" tests="1" name="com.automation.test.LoginTest" time="8.052" errors="0" timestamp="2023-02-04T19:45:27 IST" skipped="0">
  <testcase classname="com.automation.test.LoginTest" name="verifyLoginSuccessful" time="8.052"/>
  <system-out/>
</testsuite> <!-- com.automation.test.LoginTest -->
