<?xml version="1.0" encoding="UTF-8"?>
<!-- Generated by org.testng.reporters.JUnitReportReporter -->
<testsuite hostname="MSI" failures="0" tests="1" name="com.automation.test.NavigationTest" time="6.744" errors="0" timestamp="2023-02-04T20:37:17 IST" skipped="0">
  <testcase classname="com.automation.test.NavigationTest" name="verifyItemLinkNavigation" time="6.744"/>
  <system-out/>
</testsuite> <!-- com.automation.test.NavigationTest -->
